c:\users\kshan\documents\team1\timber\timber\x64\debug\vc143.pdb
c:\users\kshan\documents\team1\timber\timber\x64\debug\vc143.idb
c:\users\kshan\documents\team1\timber\timber\x64\debug\utils.obj
c:\users\kshan\documents\team1\timber\timber\x64\debug\uimgr.obj
c:\users\kshan\documents\team1\timber\timber\x64\debug\title.obj
c:\users\kshan\documents\team1\timber\timber\x64\debug\spritegameobject.obj
c:\users\kshan\documents\team1\timber\timber\x64\debug\scenemgr.obj
c:\users\kshan\documents\team1\timber\timber\x64\debug\resourcemgr.obj
c:\users\kshan\documents\team1\timber\timber\x64\debug\player.obj
c:\users\kshan\documents\team1\timber\timber\x64\debug\moveobject.obj
c:\users\kshan\documents\team1\timber\timber\x64\debug\main.obj
c:\users\kshan\documents\team1\timber\timber\x64\debug\inputmgr.obj
c:\users\kshan\documents\team1\timber\timber\x64\debug\effectmgr.obj
c:\users\kshan\documents\team1\timber\timber\x64\debug\timber.ilk
c:\users\kshan\documents\team1\timber\timber-bin\timber.exe
c:\users\kshan\documents\team1\timber\timber-bin\timber.pdb
c:\users\kshan\documents\team1\timber\timber\x64\debug\sfml-template.ilk
c:\users\kshan\documents\team1\timber\timber\x64\debug\timber.tlog\cl.command.1.tlog
c:\users\kshan\documents\team1\timber\timber\x64\debug\timber.tlog\cl.read.1.tlog
c:\users\kshan\documents\team1\timber\timber\x64\debug\timber.tlog\cl.write.1.tlog
c:\users\kshan\documents\team1\timber\timber\x64\debug\timber.tlog\link.command.1.tlog
c:\users\kshan\documents\team1\timber\timber\x64\debug\timber.tlog\link.read.1.tlog
c:\users\kshan\documents\team1\timber\timber\x64\debug\timber.tlog\link.write.1.tlog
